[11:28:13] [Client thread/INFO]: Setting user: Player796
[11:28:16] [Client thread/INFO]: LWJGL Version: 2.9.4
[11:28:23] [Client thread/INFO]: Reloading ResourceManager: Default, FMLFileResourcePack:Forge Mod Loader, FMLFileResourcePack:Minecraft Forge, FMLFileResourcePack:examplemodname
[11:28:24] [Sound Library Loader/INFO]: Starting up SoundSystem...
[11:28:24] [Thread-8/INFO]: Initializing LWJGL OpenAL
[11:28:24] [Thread-8/INFO]: (The LWJGL binding of OpenAL.  For more information, see http://www.lwjgl.org)
[11:28:24] [Thread-8/INFO]: OpenAL initialized.
[11:28:24] [Sound Library Loader/INFO]: Sound engine started
[11:28:34] [Client thread/INFO]: Created: 16x16 textures-atlas
[11:28:35] [Client thread/INFO]: Reloading ResourceManager: Default, FMLFileResourcePack:Forge Mod Loader, FMLFileResourcePack:Minecraft Forge, FMLFileResourcePack:examplemodname
[11:28:35] [Client thread/INFO]: SoundSystem shutting down...
[11:28:36] [Client thread/WARN]: Author: Paul Lamb, www.paulscode.com
[11:28:36] [Sound Library Loader/INFO]: Starting up SoundSystem...
[11:28:36] [Thread-10/INFO]: Initializing LWJGL OpenAL
[11:28:36] [Thread-10/INFO]: (The LWJGL binding of OpenAL.  For more information, see http://www.lwjgl.org)
[11:28:36] [Thread-10/INFO]: OpenAL initialized.
[11:28:36] [Sound Library Loader/INFO]: Sound engine started
[11:28:45] [Client thread/INFO]: Created: 512x512 textures-atlas
[11:29:05] [Server thread/INFO]: Starting integrated minecraft server version 1.8.9
[11:29:05] [Server thread/INFO]: Generating keypair
[11:29:05] [Server thread/INFO]: Converting map!
[11:29:05] [Server thread/INFO]: Scanning folders...
[11:29:05] [Server thread/INFO]: Total conversion count is 0
[11:29:06] [Server thread/WARN]: Unable to find spawn biome
[11:29:06] [Server thread/INFO]: Preparing start region for level 0
[11:29:07] [Server thread/INFO]: Preparing spawn area: 9%
[11:29:08] [Server thread/INFO]: Preparing spawn area: 24%
[11:29:09] [Server thread/INFO]: Preparing spawn area: 45%
[11:29:10] [Server thread/INFO]: Preparing spawn area: 63%
[11:29:11] [Server thread/INFO]: Preparing spawn area: 85%
[11:29:12] [Server thread/INFO]: Changing view distance to 12, from 10
[11:29:13] [Server thread/INFO]: Player796[local:E:8151a5be] logged in with entity id 147 at (-6.5, 70.0, -8.5)
[11:29:13] [Server thread/INFO]: Player796 joined the game
[11:29:17] [Client thread/INFO]: [CHAT] Unknown command. Try /help for a list of commands
[11:29:19] [Server thread/INFO]: Saving and pausing game...
[11:29:19] [Server thread/INFO]: Saving chunks for level 'frog'/Overworld
[11:29:20] [Server thread/INFO]: Saving chunks for level 'frog'/Nether
[11:29:20] [Server thread/INFO]: Saving chunks for level 'frog'/The End
[11:29:20] [Server thread/WARN]: Can't keep up! Did the system time change, or is the server overloaded? Running 2005ms behind, skipping 40 tick(s)
[11:42:52] [Client thread/INFO]: Stopping!
[11:42:52] [Client thread/INFO]: SoundSystem shutting down...
[11:42:52] [Server thread/INFO]: Stopping server
[11:42:52] [Server thread/INFO]: Saving players
[11:42:52] [Server thread/INFO]: Saving worlds
[11:42:52] [Server thread/INFO]: Saving chunks for level 'frog'/Overworld
[11:42:52] [Server thread/INFO]: Saving chunks for level 'frog'/Nether
[11:42:52] [Server thread/INFO]: Saving chunks for level 'frog'/The End
[11:42:52] [Client thread/WARN]: Author: Paul Lamb, www.paulscode.com
